<?xml version="1.0" encoding="UTF-8"?>
<!-- Generated by org.testng.reporters.JUnitReportReporter -->
<testsuite hostname="LAPTOP-VHJ8H1GN" failures="0" tests="2" name="A" time="6.173" errors="0" timestamp="2021-03-30T15:58:05 IST" skipped="0">
  <testcase classname="A" name="validtest" time="6.172"/>
  <system-out/>
  <testcase classname="A" name="errortest" time="0.001"/>
  <system-out/>
</testsuite> <!-- A -->
